Построение начато 22.03.2013 22:26:14.
     1>Проект "D:\hack\Space\CocosDenshion\proj.win32\CocosDenshion.vcxproj" в узле 2 (целевые объекты Rebuild).
     1>_PrepareForClean:
         Файл "Debug.win32\libCocosDenshion.lastbuildstate" удаляется.
       InitializeBuildStatus:
         Создание "Debug.win32\libCocosDenshion.unsuccessfulbuild", так как было задано "AlwaysCreate".
       ClCompile:
         C:\Program Files\Microsoft Visual Studio 11.0\VC\bin\CL.exe /c /I"C:\Program Files\Microsoft SDKs\Windows\v7.1A\include" /I..\Include /ID:\hack\Space\CocosDenshion\proj.win32\..\..\cocos2dx /ID:\hack\Space\CocosDenshion\proj.win32\..\..\cocos2dx\include /ID:\hack\Space\CocosDenshion\proj.win32\..\..\cocos2dx\kazmath\include /ID:\hack\Space\CocosDenshion\proj.win32\..\..\cocos2dx\platform\win32 /ID:\hack\Space\CocosDenshion\proj.win32\..\..\cocos2dx\platform\third_party\win32\OGLES /ZI /nologo /W3 /WX- /Od /Oy- /D WIN32 /D _DEBUG /D _WINDOWS /D _USRDLL /D COCOSDENSHIONWIN32_EXPORTS /D _EXPORT_DLL_ /D _USING_V110_SDK71_ /D _WINDLL /Gm /EHsc /RTC1 /MDd /GS /fp:precise /Zc:wchar_t /Zc:forScope /Fo"Debug.win32\\" /Fd"Debug.win32\vc110.pdb" /Gd /TP /wd4251 /analyze- /errorReport:prompt ..\win32\MciPlayer.cpp ..\win32\SimpleAudioEngine.cpp
         SimpleAudioEngine.cpp
         MciPlayer.cpp
         Создание кода...
       Link:
         C:\Program Files\Microsoft Visual Studio 11.0\VC\bin\link.exe /ERRORREPORT:PROMPT /OUT:"D:\hack\Space\Debug.win32\libCocosDenshion.dll" /INCREMENTAL:NO /NOLOGO /LIBPATH:D:\hack\Space\Debug.win32\ winmm.lib libcocos2d.lib kernel32.lib user32.lib gdi32.lib winspool.lib comdlg32.lib advapi32.lib shell32.lib ole32.lib oleaut32.lib uuid.lib odbc32.lib odbccp32.lib /MANIFEST /MANIFESTUAC:"level='asInvoker' uiAccess='false'" /manifest:embed /DEBUG /PDB:"D:\hack\Space\Debug.win32\libCocosDenshion.pdb" /SUBSYSTEM:WINDOWS,"5.01" /TLBID:1 /DYNAMICBASE /NXCOMPAT /IMPLIB:"D:\hack\Space\Debug.win32\libCocosDenshion.lib" /MACHINE:X86 /PROFILE /SAFESEH /DLL Debug.win32\MciPlayer.obj
         Debug.win32\SimpleAudioEngine.obj
     1>MciPlayer.obj : warning LNK4075: не учитывается "/EDITANDCONTINUE" из-за спецификации "/OPT:LBR"
            Создается библиотека D:\hack\Space\Debug.win32\libCocosDenshion.lib и объект D:\hack\Space\Debug.win32\libCocosDenshion.exp
         CocosDenshion.vcxproj -> D:\hack\Space\Debug.win32\libCocosDenshion.dll
       FinalizeBuildStatus:
         Файл "Debug.win32\libCocosDenshion.unsuccessfulbuild" удаляется.
         Обращение к "Debug.win32\libCocosDenshion.lastbuildstate".
     1>Построение проекта "D:\hack\Space\CocosDenshion\proj.win32\CocosDenshion.vcxproj" завершено (целевые объекты Rebuild).

Построение успешно завершено.

Затраченное время: 00:00:07.18
