D:\RATRIDER\COCOSDENSHION\PROJ.WIN32\DEBUG.WIN32\MCIPLAYER.OBJ
D:\RATRIDER\COCOSDENSHION\PROJ.WIN32\DEBUG.WIN32\SIMPLEAUDIOENGINE.OBJ
D:\RATRIDER\COCOSDENSHION\PROJ.WIN32\DEBUG.WIN32\VC110.PDB
D:\HACK\COCOSTEST\COCOSDENSHION\PROJ.WIN32\DEBUG.WIN32\MCIPLAYER.OBJ
D:\HACK\COCOSTEST\COCOSDENSHION\PROJ.WIN32\DEBUG.WIN32\SIMPLEAUDIOENGINE.OBJ
D:\HACK\COCOSTEST\COCOSDENSHION\PROJ.WIN32\DEBUG.WIN32\VC110.PDB
D:\HACK\COCOSTEST\DEBUG.WIN32\LIBCOCOSDENSHION.LIB
D:\RatRider\Debug.win32\libCocosDenshion.lib
D:\RatRider\Debug.win32\libCocosDenshion.exp
D:\hack\CocosTest\Debug.win32\libCocosDenshion.lib
D:\hack\CocosTest\Debug.win32\libCocosDenshion.exp
D:\RATRIDER\DEBUG.WIN32\LIBCOCOSDENSHION.DLL
D:\RATRIDER\DEBUG.WIN32\LIBCOCOSDENSHION.PDB
D:\HACK\COCOSTEST\DEBUG.WIN32\LIBCOCOSDENSHION.DLL
D:\HACK\COCOSTEST\DEBUG.WIN32\LIBCOCOSDENSHION.PDB
D:\hack\Space\CocosDenshion\proj.win32\Debug.win32\MciPlayer.obj
D:\hack\Space\CocosDenshion\proj.win32\Debug.win32\SimpleAudioEngine.obj
D:\hack\Space\CocosDenshion\proj.win32\Debug.win32\cl.command.1.tlog
D:\hack\Space\CocosDenshion\proj.win32\Debug.win32\CL.read.1.tlog
D:\hack\Space\CocosDenshion\proj.win32\Debug.win32\CL.write.1.tlog
D:\hack\Space\CocosDenshion\proj.win32\Debug.win32\Lib-link.read.1.tlog
D:\hack\Space\CocosDenshion\proj.win32\Debug.win32\Lib-link.write.1.tlog
D:\hack\Space\CocosDenshion\proj.win32\Debug.win32\lib.command.1.tlog
D:\hack\Space\CocosDenshion\proj.win32\Debug.win32\libCocosDenshion.write.1.tlog
D:\hack\Space\CocosDenshion\proj.win32\Debug.win32\link-cvtres.read.1.tlog
D:\hack\Space\CocosDenshion\proj.win32\Debug.win32\link-cvtres.write.1.tlog
D:\hack\Space\CocosDenshion\proj.win32\Debug.win32\link-rc.read.1.tlog
D:\hack\Space\CocosDenshion\proj.win32\Debug.win32\link-rc.write.1.tlog
D:\hack\Space\CocosDenshion\proj.win32\Debug.win32\link.command.1.tlog
D:\hack\Space\CocosDenshion\proj.win32\Debug.win32\link.read.1.tlog
D:\hack\Space\CocosDenshion\proj.win32\Debug.win32\link.write.1.tlog
D:\hack\Space\CocosDenshion\proj.win32\Debug.win32\vc110.idb
D:\hack\Space\CocosDenshion\proj.win32\Debug.win32\vc110.pdb
D:\hack\Space\Debug.win32\libCocosDenshion.dll
