D:\RATRIDER\EXTENSIONS\PROJ.WIN32\DEBUG.WIN32\CCCONTROL.OBJ
D:\RATRIDER\EXTENSIONS\PROJ.WIN32\DEBUG.WIN32\CCCONTROLBUTTON.OBJ
D:\RATRIDER\EXTENSIONS\PROJ.WIN32\DEBUG.WIN32\CCCONTROLCOLOURPICKER.OBJ
D:\RATRIDER\EXTENSIONS\PROJ.WIN32\DEBUG.WIN32\CCCONTROLHUEPICKER.OBJ
D:\RATRIDER\EXTENSIONS\PROJ.WIN32\DEBUG.WIN32\CCCONTROLPOTENTIOMETER.OBJ
D:\RATRIDER\EXTENSIONS\PROJ.WIN32\DEBUG.WIN32\CCCONTROLSATURATIONBRIGHTNESSPICKER.OBJ
D:\RATRIDER\EXTENSIONS\PROJ.WIN32\DEBUG.WIN32\CCCONTROLSLIDER.OBJ
D:\RATRIDER\EXTENSIONS\PROJ.WIN32\DEBUG.WIN32\CCCONTROLSTEPPER.OBJ
D:\RATRIDER\EXTENSIONS\PROJ.WIN32\DEBUG.WIN32\CCCONTROLSWITCH.OBJ
D:\RATRIDER\EXTENSIONS\PROJ.WIN32\DEBUG.WIN32\CCCONTROLUTILS.OBJ
D:\RATRIDER\EXTENSIONS\PROJ.WIN32\DEBUG.WIN32\CCINVOCATION.OBJ
D:\RATRIDER\EXTENSIONS\PROJ.WIN32\DEBUG.WIN32\CCSCALE9SPRITE.OBJ
D:\RATRIDER\EXTENSIONS\PROJ.WIN32\DEBUG.WIN32\CCSCROLLVIEW.OBJ
D:\RATRIDER\EXTENSIONS\PROJ.WIN32\DEBUG.WIN32\CCSORTING.OBJ
D:\RATRIDER\EXTENSIONS\PROJ.WIN32\DEBUG.WIN32\CCTABLEVIEW.OBJ
D:\RATRIDER\EXTENSIONS\PROJ.WIN32\DEBUG.WIN32\CCTABLEVIEWCELL.OBJ
D:\RATRIDER\EXTENSIONS\PROJ.WIN32\DEBUG.WIN32\LOCALSTORAGE.OBJ
D:\RATRIDER\EXTENSIONS\PROJ.WIN32\DEBUG.WIN32\HTTPCLIENT.OBJ
D:\RATRIDER\EXTENSIONS\PROJ.WIN32\DEBUG.WIN32\CCPHYSICSDEBUGNODE.OBJ
D:\RATRIDER\EXTENSIONS\PROJ.WIN32\DEBUG.WIN32\CCPHYSICSSPRITE.OBJ
D:\RATRIDER\EXTENSIONS\PROJ.WIN32\DEBUG.WIN32\CCBSEQUENCE.OBJ
D:\RATRIDER\EXTENSIONS\PROJ.WIN32\DEBUG.WIN32\CCBSEQUENCEPROPERTY.OBJ
D:\RATRIDER\EXTENSIONS\PROJ.WIN32\DEBUG.WIN32\CCBVALUE.OBJ
D:\RATRIDER\EXTENSIONS\PROJ.WIN32\DEBUG.WIN32\CCCONTROLBUTTONLOADER.OBJ
D:\RATRIDER\EXTENSIONS\PROJ.WIN32\DEBUG.WIN32\CCCONTROLLOADER.OBJ
D:\RATRIDER\EXTENSIONS\PROJ.WIN32\DEBUG.WIN32\CCDATA.OBJ
D:\RATRIDER\EXTENSIONS\PROJ.WIN32\DEBUG.WIN32\CCLABELBMFONTLOADER.OBJ
D:\RATRIDER\EXTENSIONS\PROJ.WIN32\DEBUG.WIN32\CCLABELTTFLOADER.OBJ
D:\RATRIDER\EXTENSIONS\PROJ.WIN32\DEBUG.WIN32\CCLAYERCOLORLOADER.OBJ
D:\RATRIDER\EXTENSIONS\PROJ.WIN32\DEBUG.WIN32\CCLAYERGRADIENTLOADER.OBJ
D:\RATRIDER\EXTENSIONS\PROJ.WIN32\DEBUG.WIN32\CCLAYERLOADER.OBJ
D:\RATRIDER\EXTENSIONS\PROJ.WIN32\DEBUG.WIN32\CCMENUITEMIMAGELOADER.OBJ
D:\RATRIDER\EXTENSIONS\PROJ.WIN32\DEBUG.WIN32\CCMENUITEMLOADER.OBJ
D:\RATRIDER\EXTENSIONS\PROJ.WIN32\DEBUG.WIN32\CCNODE+CCBRELATIVEPOSITIONING.OBJ
D:\RATRIDER\EXTENSIONS\PROJ.WIN32\DEBUG.WIN32\CCNODELOADER.OBJ
D:\RATRIDER\EXTENSIONS\PROJ.WIN32\DEBUG.WIN32\CCNODELOADERLIBRARY.OBJ
D:\RATRIDER\EXTENSIONS\PROJ.WIN32\DEBUG.WIN32\CCPARTICLESYSTEMQUADLOADER.OBJ
D:\RATRIDER\EXTENSIONS\PROJ.WIN32\DEBUG.WIN32\CCSCALE9SPRITELOADER.OBJ
D:\RATRIDER\EXTENSIONS\PROJ.WIN32\DEBUG.WIN32\CCSCROLLVIEWLOADER.OBJ
D:\RATRIDER\EXTENSIONS\PROJ.WIN32\DEBUG.WIN32\CCSPRITELOADER.OBJ
D:\RATRIDER\EXTENSIONS\PROJ.WIN32\DEBUG.WIN32\CCBANIMATIONMANAGER.OBJ
D:\RATRIDER\EXTENSIONS\PROJ.WIN32\DEBUG.WIN32\CCBFILELOADER.OBJ
D:\RATRIDER\EXTENSIONS\PROJ.WIN32\DEBUG.WIN32\CCBKEYFRAME.OBJ
D:\RATRIDER\EXTENSIONS\PROJ.WIN32\DEBUG.WIN32\CCBREADER.OBJ
D:\RATRIDER\EXTENSIONS\PROJ.WIN32\DEBUG.WIN32\VC110.PDB
D:\HACK\COCOSTEST\EXTENSIONS\PROJ.WIN32\DEBUG.WIN32\CCCONTROL.OBJ
D:\HACK\COCOSTEST\EXTENSIONS\PROJ.WIN32\DEBUG.WIN32\CCCONTROLBUTTON.OBJ
D:\HACK\COCOSTEST\EXTENSIONS\PROJ.WIN32\DEBUG.WIN32\CCCONTROLCOLOURPICKER.OBJ
D:\HACK\COCOSTEST\EXTENSIONS\PROJ.WIN32\DEBUG.WIN32\CCCONTROLHUEPICKER.OBJ
D:\HACK\COCOSTEST\EXTENSIONS\PROJ.WIN32\DEBUG.WIN32\CCCONTROLPOTENTIOMETER.OBJ
D:\HACK\COCOSTEST\EXTENSIONS\PROJ.WIN32\DEBUG.WIN32\CCCONTROLSATURATIONBRIGHTNESSPICKER.OBJ
D:\HACK\COCOSTEST\EXTENSIONS\PROJ.WIN32\DEBUG.WIN32\CCCONTROLSLIDER.OBJ
D:\HACK\COCOSTEST\EXTENSIONS\PROJ.WIN32\DEBUG.WIN32\CCCONTROLSTEPPER.OBJ
D:\HACK\COCOSTEST\EXTENSIONS\PROJ.WIN32\DEBUG.WIN32\CCCONTROLSWITCH.OBJ
D:\HACK\COCOSTEST\EXTENSIONS\PROJ.WIN32\DEBUG.WIN32\CCCONTROLUTILS.OBJ
D:\HACK\COCOSTEST\EXTENSIONS\PROJ.WIN32\DEBUG.WIN32\CCINVOCATION.OBJ
D:\HACK\COCOSTEST\EXTENSIONS\PROJ.WIN32\DEBUG.WIN32\CCSCALE9SPRITE.OBJ
D:\HACK\COCOSTEST\EXTENSIONS\PROJ.WIN32\DEBUG.WIN32\CCSCROLLVIEW.OBJ
D:\HACK\COCOSTEST\EXTENSIONS\PROJ.WIN32\DEBUG.WIN32\CCSORTING.OBJ
D:\HACK\COCOSTEST\EXTENSIONS\PROJ.WIN32\DEBUG.WIN32\CCTABLEVIEW.OBJ
D:\HACK\COCOSTEST\EXTENSIONS\PROJ.WIN32\DEBUG.WIN32\CCTABLEVIEWCELL.OBJ
D:\HACK\COCOSTEST\EXTENSIONS\PROJ.WIN32\DEBUG.WIN32\LOCALSTORAGE.OBJ
D:\HACK\COCOSTEST\EXTENSIONS\PROJ.WIN32\DEBUG.WIN32\HTTPCLIENT.OBJ
D:\HACK\COCOSTEST\EXTENSIONS\PROJ.WIN32\DEBUG.WIN32\CCPHYSICSDEBUGNODE.OBJ
D:\HACK\COCOSTEST\EXTENSIONS\PROJ.WIN32\DEBUG.WIN32\CCPHYSICSSPRITE.OBJ
D:\HACK\COCOSTEST\EXTENSIONS\PROJ.WIN32\DEBUG.WIN32\CCBSEQUENCE.OBJ
D:\HACK\COCOSTEST\EXTENSIONS\PROJ.WIN32\DEBUG.WIN32\CCBSEQUENCEPROPERTY.OBJ
D:\HACK\COCOSTEST\EXTENSIONS\PROJ.WIN32\DEBUG.WIN32\CCBVALUE.OBJ
D:\HACK\COCOSTEST\EXTENSIONS\PROJ.WIN32\DEBUG.WIN32\CCCONTROLBUTTONLOADER.OBJ
D:\HACK\COCOSTEST\EXTENSIONS\PROJ.WIN32\DEBUG.WIN32\CCCONTROLLOADER.OBJ
D:\HACK\COCOSTEST\EXTENSIONS\PROJ.WIN32\DEBUG.WIN32\CCDATA.OBJ
D:\HACK\COCOSTEST\EXTENSIONS\PROJ.WIN32\DEBUG.WIN32\CCLABELBMFONTLOADER.OBJ
D:\HACK\COCOSTEST\EXTENSIONS\PROJ.WIN32\DEBUG.WIN32\CCLABELTTFLOADER.OBJ
D:\HACK\COCOSTEST\EXTENSIONS\PROJ.WIN32\DEBUG.WIN32\CCLAYERCOLORLOADER.OBJ
D:\HACK\COCOSTEST\EXTENSIONS\PROJ.WIN32\DEBUG.WIN32\CCLAYERGRADIENTLOADER.OBJ
D:\HACK\COCOSTEST\EXTENSIONS\PROJ.WIN32\DEBUG.WIN32\CCLAYERLOADER.OBJ
D:\HACK\COCOSTEST\EXTENSIONS\PROJ.WIN32\DEBUG.WIN32\CCMENUITEMIMAGELOADER.OBJ
D:\HACK\COCOSTEST\EXTENSIONS\PROJ.WIN32\DEBUG.WIN32\CCMENUITEMLOADER.OBJ
D:\HACK\COCOSTEST\EXTENSIONS\PROJ.WIN32\DEBUG.WIN32\CCNODE+CCBRELATIVEPOSITIONING.OBJ
D:\HACK\COCOSTEST\EXTENSIONS\PROJ.WIN32\DEBUG.WIN32\CCNODELOADER.OBJ
D:\HACK\COCOSTEST\EXTENSIONS\PROJ.WIN32\DEBUG.WIN32\CCNODELOADERLIBRARY.OBJ
D:\HACK\COCOSTEST\EXTENSIONS\PROJ.WIN32\DEBUG.WIN32\CCPARTICLESYSTEMQUADLOADER.OBJ
D:\HACK\COCOSTEST\EXTENSIONS\PROJ.WIN32\DEBUG.WIN32\CCSCALE9SPRITELOADER.OBJ
D:\HACK\COCOSTEST\EXTENSIONS\PROJ.WIN32\DEBUG.WIN32\CCSCROLLVIEWLOADER.OBJ
D:\HACK\COCOSTEST\EXTENSIONS\PROJ.WIN32\DEBUG.WIN32\CCSPRITELOADER.OBJ
D:\HACK\COCOSTEST\EXTENSIONS\PROJ.WIN32\DEBUG.WIN32\CCBANIMATIONMANAGER.OBJ
D:\HACK\COCOSTEST\EXTENSIONS\PROJ.WIN32\DEBUG.WIN32\CCBFILELOADER.OBJ
D:\HACK\COCOSTEST\EXTENSIONS\PROJ.WIN32\DEBUG.WIN32\CCBKEYFRAME.OBJ
D:\HACK\COCOSTEST\EXTENSIONS\PROJ.WIN32\DEBUG.WIN32\CCBREADER.OBJ
D:\HACK\COCOSTEST\EXTENSIONS\PROJ.WIN32\DEBUG.WIN32\VC110.PDB
D:\RATRIDER\DEBUG.WIN32\LIBEXTENSIONS.LIB
D:\HACK\COCOSTEST\DEBUG.WIN32\LIBEXTENSIONS.LIB
D:\hack\Space\extensions\proj.win32\Debug.win32\CCBAnimationManager.obj
D:\hack\Space\extensions\proj.win32\Debug.win32\CCBFileLoader.obj
D:\hack\Space\extensions\proj.win32\Debug.win32\CCBKeyframe.obj
D:\hack\Space\extensions\proj.win32\Debug.win32\CCBReader.obj
D:\hack\Space\extensions\proj.win32\Debug.win32\CCBSequence.obj
D:\hack\Space\extensions\proj.win32\Debug.win32\CCBSequenceProperty.obj
D:\hack\Space\extensions\proj.win32\Debug.win32\CCBValue.obj
D:\hack\Space\extensions\proj.win32\Debug.win32\CCControl.obj
D:\hack\Space\extensions\proj.win32\Debug.win32\CCControlButton.obj
D:\hack\Space\extensions\proj.win32\Debug.win32\CCControlButtonLoader.obj
D:\hack\Space\extensions\proj.win32\Debug.win32\CCControlColourPicker.obj
D:\hack\Space\extensions\proj.win32\Debug.win32\CCControlHuePicker.obj
D:\hack\Space\extensions\proj.win32\Debug.win32\CCControlLoader.obj
D:\hack\Space\extensions\proj.win32\Debug.win32\CCControlPotentiometer.obj
D:\hack\Space\extensions\proj.win32\Debug.win32\CCControlSaturationBrightnessPicker.obj
D:\hack\Space\extensions\proj.win32\Debug.win32\CCControlSlider.obj
D:\hack\Space\extensions\proj.win32\Debug.win32\CCControlStepper.obj
D:\hack\Space\extensions\proj.win32\Debug.win32\CCControlSwitch.obj
D:\hack\Space\extensions\proj.win32\Debug.win32\CCControlUtils.obj
D:\hack\Space\extensions\proj.win32\Debug.win32\CCData.obj
D:\hack\Space\extensions\proj.win32\Debug.win32\CCInvocation.obj
D:\hack\Space\extensions\proj.win32\Debug.win32\CCLabelBMFontLoader.obj
D:\hack\Space\extensions\proj.win32\Debug.win32\CCLabelTTFLoader.obj
D:\hack\Space\extensions\proj.win32\Debug.win32\CCLayerColorLoader.obj
D:\hack\Space\extensions\proj.win32\Debug.win32\CCLayerGradientLoader.obj
D:\hack\Space\extensions\proj.win32\Debug.win32\CCLayerLoader.obj
D:\hack\Space\extensions\proj.win32\Debug.win32\CCMenuItemImageLoader.obj
D:\hack\Space\extensions\proj.win32\Debug.win32\CCMenuItemLoader.obj
D:\hack\Space\extensions\proj.win32\Debug.win32\CCNode+CCBRelativePositioning.obj
D:\hack\Space\extensions\proj.win32\Debug.win32\CCNodeLoader.obj
D:\hack\Space\extensions\proj.win32\Debug.win32\CCNodeLoaderLibrary.obj
D:\hack\Space\extensions\proj.win32\Debug.win32\CCParticleSystemQuadLoader.obj
D:\hack\Space\extensions\proj.win32\Debug.win32\CCPhysicsDebugNode.obj
D:\hack\Space\extensions\proj.win32\Debug.win32\CCPhysicsSprite.obj
D:\hack\Space\extensions\proj.win32\Debug.win32\CCScale9Sprite.obj
D:\hack\Space\extensions\proj.win32\Debug.win32\CCScale9SpriteLoader.obj
D:\hack\Space\extensions\proj.win32\Debug.win32\CCScrollView.obj
D:\hack\Space\extensions\proj.win32\Debug.win32\CCScrollViewLoader.obj
D:\hack\Space\extensions\proj.win32\Debug.win32\CCSorting.obj
D:\hack\Space\extensions\proj.win32\Debug.win32\CCSpriteLoader.obj
D:\hack\Space\extensions\proj.win32\Debug.win32\CCTableView.obj
D:\hack\Space\extensions\proj.win32\Debug.win32\CCTableViewCell.obj
D:\hack\Space\extensions\proj.win32\Debug.win32\HttpClient.obj
D:\hack\Space\extensions\proj.win32\Debug.win32\LocalStorage.obj
D:\hack\Space\extensions\proj.win32\Debug.win32\cl.command.1.tlog
D:\hack\Space\extensions\proj.win32\Debug.win32\CL.read.1.tlog
D:\hack\Space\extensions\proj.win32\Debug.win32\CL.write.1.tlog
D:\hack\Space\extensions\proj.win32\Debug.win32\Lib-link.read.1.tlog
D:\hack\Space\extensions\proj.win32\Debug.win32\Lib-link.write.1.tlog
D:\hack\Space\extensions\proj.win32\Debug.win32\lib.command.1.tlog
D:\hack\Space\extensions\proj.win32\Debug.win32\vc110.idb
D:\hack\Space\extensions\proj.win32\Debug.win32\vc110.pdb
D:\hack\Space\Debug.win32\libExtensions.lib
