Построение начато 22.03.2013 22:22:13.
     1>Проект "D:\hack\Space\cocos2dx\proj.win32\cocos2d.vcxproj" в узле 2 (целевые объекты Rebuild).
     1>_PrepareForClean:
         Файл "Debug.win32\libcocos2d.lastbuildstate" удаляется.
       InitializeBuildStatus:
         Создание "Debug.win32\libcocos2d.unsuccessfulbuild", так как было задано "AlwaysCreate".
       ClCompile:
         C:\Program Files\Microsoft Visual Studio 11.0\VC\bin\CL.exe /c /I"C:\Program Files\Microsoft SDKs\Windows\v7.1A\include" /ID:\hack\Space\cocos2dx\proj.win32\.. /ID:\hack\Space\cocos2dx\proj.win32\..\platform\win32 /ID:\hack\Space\cocos2dx\proj.win32\..\platform\third_party\win32\iconv /ID:\hack\Space\cocos2dx\proj.win32\..\platform\third_party\win32\zlib /ID:\hack\Space\cocos2dx\proj.win32\..\platform\third_party\win32\libpng /ID:\hack\Space\cocos2dx\proj.win32\..\platform\third_party\win32\libjpeg /ID:\hack\Space\cocos2dx\proj.win32\..\platform\third_party\win32\libtiff /ID:\hack\Space\cocos2dx\proj.win32\..\platform\third_party\win32\libxml2 /ID:\hack\Space\cocos2dx\proj.win32\..\platform\third_party\win32\pthread /ID:\hack\Space\cocos2dx\proj.win32\..\platform\third_party\win32\OGLES /I..\include /ID:\hack\Space\cocos2dx\proj.win32\..\kazmath\include /ZI /nologo /W3 /WX- /Od /Oy- /D WIN32 /D _DEBUG /D _WINDOWS /D _USRDLL /D COCOS2DXWIN32_EXPORTS /D GL_GLEXT_PROTOTYPES /D COCOS2D_DEBUG=1 /D _CRT_SECURE_NO_WARNINGS /D _SCL_SECURE_NO_WARNINGS /D _USING_V110_SDK71_ /D _WINDLL /D _UNICODE /D UNICODE /Gm /EHsc /RTC1 /MDd /GS /fp:precise /Zc:wchar_t /Zc:forScope /Fo"Debug.win32\\" /Fd"Debug.win32\vc110.pdb" /Gd /TP /wd4267 /wd4251 /wd4244 /analyze- /errorReport:prompt ..\base_nodes\CCAtlasNode.cpp ..\base_nodes\CCNode.cpp ..\cocoa\CCAffineTransform.cpp ..\cocoa\CCArray.cpp ..\cocoa\CCAutoreleasePool.cpp ..\cocoa\CCDictionary.cpp ..\cocoa\CCGeometry.cpp ..\cocoa\CCNS.cpp ..\cocoa\CCObject.cpp ..\cocoa\CCSet.cpp ..\cocoa\CCString.cpp ..\cocoa\CCZone.cpp ..\draw_nodes\CCDrawingPrimitives.cpp ..\draw_nodes\CCDrawNode.cpp ..\effects\CCGrabber.cpp ..\effects\CCGrid.cpp ..\actions\CCAction.cpp ..\actions\CCActionCamera.cpp ..\actions\CCActionCatmullRom.cpp ..\actions\CCActionEase.cpp ..\actions\CCActionGrid.cpp ..\actions\CCActionGrid3D.cpp ..\actions\CCActionInstant.cpp ..\actions\CCActionInterval.cpp ..\actions\CCActionManager.cpp ..\actions\CCActionPageTurn3D.cpp ..\actions\CCActionProgressTimer.cpp ..\actions\CCActionTiledGrid.cpp ..\actions\CCActionTween.cpp ..\label_nodes\CCLabelAtlas.cpp ..\label_nodes\CCLabelBMFont.cpp ..\label_nodes\CCLabelTTF.cpp ..\layers_scenes_transitions_nodes\CCLayer.cpp ..\layers_scenes_transitions_nodes\CCScene.cpp ..\layers_scenes_transitions_nodes\CCTransition.cpp ..\layers_scenes_transitions_nodes\CCTransitionPageTurn.cpp ..\layers_scenes_transitions_nodes\CCTransitionProgress.cpp ..\menu_nodes\CCMenu.cpp ..\menu_nodes\CCMenuItem.cpp ..\misc_nodes\CCClippingNode.cpp ..\misc_nodes\CCMotionStreak.cpp ..\misc_nodes\CCProgressTimer.cpp ..\misc_nodes\CCRenderTexture.cpp ..\particle_nodes\CCParticleBatchNode.cpp ..\particle_nodes\CCParticleExamples.cpp ..\particle_nodes\CCParticleSystem.cpp ..\particle_nodes\CCParticleSystemQuad.cpp ..\platform\CCEGLViewProtocol.cpp ..\platform\CCSAXParser.cpp ..\platform\CCThread.cpp ..\platform\platform.cpp ..\platform\win32\CCAccelerometer.cpp ..\platform\win32\CCApplication.cpp ..\platform\win32\CCCommon.cpp ..\platform\win32\CCEGLView.cpp ..\platform\win32\CCFileUtils.cpp ..\platform\win32\CCImage.cpp ..\platform\win32\CCStdC.cpp ..\shaders\CCGLProgram.cpp ..\shaders\ccGLStateCache.cpp ..\shaders\CCShaderCache.cpp ..\shaders\ccShaders.cpp ..\sprite_nodes\CCAnimation.cpp ..\sprite_nodes\CCAnimationCache.cpp ..\sprite_nodes\CCSprite.cpp ..\sprite_nodes\CCSpriteBatchNode.cpp ..\sprite_nodes\CCSpriteFrame.cpp ..\sprite_nodes\CCSpriteFrameCache.cpp ..\support\base64.cpp ..\support\CCNotificationCenter.cpp ..\support\CCPointExtension.cpp ..\support\CCProfiling.cpp ..\support\CCUserDefault.cpp ..\support\ccUtils.cpp ..\support\CCVertex.cpp ..\support\TransformUtils.cpp ..\support\data_support\ccCArray.cpp ..\support\image_support\TGAlib.cpp ..\support\zip_support\ioapi.cpp ..\support\zip_support\unzip.cpp ..\support\zip_support\ZipUtils.cpp ..\textures\CCTexture2D.cpp ..\textures\CCTextureAtlas.cpp ..\textures\CCTextureCache.cpp ..\textures\CCTexturePVR.cpp ..\tileMap_parallax_nodes\CCParallaxNode.cpp ..\tileMap_parallax_nodes\CCTileMapAtlas.cpp ..\tileMap_parallax_nodes\CCTMXLayer.cpp ..\tileMap_parallax_nodes\CCTMXObjectGroup.cpp ..\tileMap_parallax_nodes\CCTMXTiledMap.cpp ..\tileMap_parallax_nodes\CCTMXXMLParser.cpp ..\touch_dispatcher\CCTouch.cpp ..\touch_dispatcher\CCTouchDispatcher.cpp ..\touch_dispatcher\CCTouchHandler.cpp ..\keypad_dispatcher\CCKeypadDelegate.cpp ..\keypad_dispatcher\CCKeypadDispatcher.cpp ..\text_input_node\CCIMEDispatcher.cpp ..\text_input_node\CCTextFieldTTF.cpp ..\script_support\CCScriptSupport.cpp ..\CCCamera.cpp ..\CCConfiguration.cpp ..\CCDirector.cpp ..\CCScheduler.cpp ..\cocos2d.cpp
         cocos2d.cpp
         CCScheduler.cpp
         CCDirector.cpp
         CCConfiguration.cpp
         CCCamera.cpp
         CCScriptSupport.cpp
         CCTextFieldTTF.cpp
         CCIMEDispatcher.cpp
         CCKeypadDispatcher.cpp
         CCKeypadDelegate.cpp
         CCTouchHandler.cpp
         CCTouchDispatcher.cpp
         CCTouch.cpp
         CCTMXXMLParser.cpp
         CCTMXTiledMap.cpp
         CCTMXObjectGroup.cpp
         CCTMXLayer.cpp
         CCTileMapAtlas.cpp
         CCParallaxNode.cpp
         CCTexturePVR.cpp
         Создание кода...
         Компиляция...
         CCTextureCache.cpp
         CCTextureAtlas.cpp
         CCTexture2D.cpp
         ZipUtils.cpp
         unzip.cpp
         ioapi.cpp
         TGAlib.cpp
         ccCArray.cpp
         TransformUtils.cpp
         CCVertex.cpp
         ccUtils.cpp
         CCUserDefault.cpp
         CCProfiling.cpp
         CCPointExtension.cpp
         CCNotificationCenter.cpp
         base64.cpp
         CCSpriteFrameCache.cpp
         CCSpriteFrame.cpp
         CCSpriteBatchNode.cpp
         CCSprite.cpp
         Создание кода...
         Компиляция...
         CCAnimationCache.cpp
         CCAnimation.cpp
         ccShaders.cpp
         CCShaderCache.cpp
         ccGLStateCache.cpp
         CCGLProgram.cpp
         CCStdC.cpp
         CCImage.cpp
         CCFileUtils.cpp
         CCEGLView.cpp
         CCCommon.cpp
         CCApplication.cpp
         CCAccelerometer.cpp
         platform.cpp
         CCThread.cpp
         CCSAXParser.cpp
         CCEGLViewProtocol.cpp
         CCParticleSystemQuad.cpp
         CCParticleSystem.cpp
         CCParticleExamples.cpp
         Создание кода...
         Компиляция...
         CCParticleBatchNode.cpp
         CCRenderTexture.cpp
         CCProgressTimer.cpp
         CCMotionStreak.cpp
         CCClippingNode.cpp
         CCMenuItem.cpp
         CCMenu.cpp
         CCTransitionProgress.cpp
         CCTransitionPageTurn.cpp
         CCTransition.cpp
         CCScene.cpp
         CCLayer.cpp
         CCLabelTTF.cpp
         CCLabelBMFont.cpp
         CCLabelAtlas.cpp
         CCActionTween.cpp
         CCActionTiledGrid.cpp
         CCActionProgressTimer.cpp
         CCActionPageTurn3D.cpp
         CCActionManager.cpp
         Создание кода...
         Компиляция...
         CCActionInterval.cpp
         CCActionInstant.cpp
         CCActionGrid3D.cpp
         CCActionGrid.cpp
         CCActionEase.cpp
         CCActionCatmullRom.cpp
         CCActionCamera.cpp
         CCAction.cpp
         CCGrid.cpp
         CCGrabber.cpp
         CCDrawNode.cpp
         CCDrawingPrimitives.cpp
         CCZone.cpp
         CCString.cpp
         CCSet.cpp
         CCObject.cpp
         CCNS.cpp
         CCGeometry.cpp
         CCDictionary.cpp
         CCAutoreleasePool.cpp
         Создание кода...
         Компиляция...
         CCArray.cpp
         CCAffineTransform.cpp
         CCNode.cpp
         CCAtlasNode.cpp
         Создание кода...
         C:\Program Files\Microsoft Visual Studio 11.0\VC\bin\CL.exe /c /I"C:\Program Files\Microsoft SDKs\Windows\v7.1A\include" /ID:\hack\Space\cocos2dx\proj.win32\.. /ID:\hack\Space\cocos2dx\proj.win32\..\platform\win32 /ID:\hack\Space\cocos2dx\proj.win32\..\platform\third_party\win32\iconv /ID:\hack\Space\cocos2dx\proj.win32\..\platform\third_party\win32\zlib /ID:\hack\Space\cocos2dx\proj.win32\..\platform\third_party\win32\libpng /ID:\hack\Space\cocos2dx\proj.win32\..\platform\third_party\win32\libjpeg /ID:\hack\Space\cocos2dx\proj.win32\..\platform\third_party\win32\libtiff /ID:\hack\Space\cocos2dx\proj.win32\..\platform\third_party\win32\libxml2 /ID:\hack\Space\cocos2dx\proj.win32\..\platform\third_party\win32\pthread /ID:\hack\Space\cocos2dx\proj.win32\..\platform\third_party\win32\OGLES /I..\include /ID:\hack\Space\cocos2dx\proj.win32\..\kazmath\include /ZI /nologo /W3 /WX- /Od /Oy- /D WIN32 /D _DEBUG /D _WINDOWS /D _USRDLL /D COCOS2DXWIN32_EXPORTS /D GL_GLEXT_PROTOTYPES /D COCOS2D_DEBUG=1 /D _CRT_SECURE_NO_WARNINGS /D _SCL_SECURE_NO_WARNINGS /D _USING_V110_SDK71_ /D _WINDLL /D _UNICODE /D UNICODE /Gm /EHsc /RTC1 /MDd /GS /fp:precise /Zc:wchar_t /Zc:forScope /Fo"Debug.win32\\" /Fd"Debug.win32\vc110.pdb" /Gd /TC /wd4267 /wd4251 /wd4244 /analyze- /errorReport:prompt ..\kazmath\src\aabb.c ..\kazmath\src\mat3.c ..\kazmath\src\mat4.c ..\kazmath\src\neon_matrix_impl.c ..\kazmath\src\plane.c ..\kazmath\src\quaternion.c ..\kazmath\src\ray2.c ..\kazmath\src\utility.c ..\kazmath\src\vec2.c ..\kazmath\src\vec3.c ..\kazmath\src\vec4.c ..\kazmath\src\GL\mat4stack.c ..\kazmath\src\GL\matrix.c
         matrix.c
         mat4stack.c
         vec4.c
         vec3.c
         vec2.c
         utility.c
         ray2.c
         quaternion.c
         plane.c
         neon_matrix_impl.c
         mat4.c
         mat3.c
         aabb.c
         Создание кода...
       PreLinkEvent:
         if not exist "D:\hack\Space\Debug.win32\" mkdir "D:\hack\Space\Debug.win32\"
         xcopy /Y /Q "D:\hack\Space\cocos2dx\proj.win32\..\platform\third_party\win32\libraries\*.*" "D:\hack\Space\Debug.win32\"
         
         :VCEnd
         Скопировано файлов: 16.
       Link:
         C:\Program Files\Microsoft Visual Studio 11.0\VC\bin\link.exe /ERRORREPORT:PROMPT /OUT:"D:\hack\Space\Debug.win32\libcocos2d.dll" /INCREMENTAL:NO /NOLOGO /LIBPATH:D:\hack\Space\Debug.win32\ opengl32.lib glew32.lib libxml2.lib libzlib.lib libpng.lib libjpeg.lib libtiff.lib libiconv.lib pthreadVCE2.lib kernel32.lib user32.lib gdi32.lib winspool.lib comdlg32.lib advapi32.lib shell32.lib ole32.lib oleaut32.lib uuid.lib odbc32.lib odbccp32.lib /MANIFEST /MANIFESTUAC:"level='asInvoker' uiAccess='false'" /manifest:embed /DEBUG /PDB:"D:\hack\Space\Debug.win32\libcocos2d.pdb" /SUBSYSTEM:WINDOWS,"5.01" /TLBID:1 /DYNAMICBASE /NXCOMPAT /IMPLIB:"D:\hack\Space\Debug.win32\libcocos2d.lib" /MACHINE:X86 /PROFILE /SAFESEH /DLL Debug.win32\CCAtlasNode.obj
         Debug.win32\CCNode.obj
         Debug.win32\CCAffineTransform.obj
         Debug.win32\CCArray.obj
         Debug.win32\CCAutoreleasePool.obj
         Debug.win32\CCDictionary.obj
         Debug.win32\CCGeometry.obj
         Debug.win32\CCNS.obj
         Debug.win32\CCObject.obj
         Debug.win32\CCSet.obj
         Debug.win32\CCString.obj
         Debug.win32\CCZone.obj
         Debug.win32\CCDrawingPrimitives.obj
         Debug.win32\CCDrawNode.obj
         Debug.win32\CCGrabber.obj
         Debug.win32\CCGrid.obj
         Debug.win32\CCAction.obj
         Debug.win32\CCActionCamera.obj
         Debug.win32\CCActionCatmullRom.obj
         Debug.win32\CCActionEase.obj
         Debug.win32\CCActionGrid.obj
         Debug.win32\CCActionGrid3D.obj
         Debug.win32\CCActionInstant.obj
         Debug.win32\CCActionInterval.obj
         Debug.win32\CCActionManager.obj
         Debug.win32\CCActionPageTurn3D.obj
         Debug.win32\CCActionProgressTimer.obj
         Debug.win32\CCActionTiledGrid.obj
         Debug.win32\CCActionTween.obj
         Debug.win32\CCLabelAtlas.obj
         Debug.win32\CCLabelBMFont.obj
         Debug.win32\CCLabelTTF.obj
         Debug.win32\CCLayer.obj
         Debug.win32\CCScene.obj
         Debug.win32\CCTransition.obj
         Debug.win32\CCTransitionPageTurn.obj
         Debug.win32\CCTransitionProgress.obj
         Debug.win32\CCMenu.obj
         Debug.win32\CCMenuItem.obj
         Debug.win32\CCClippingNode.obj
         Debug.win32\CCMotionStreak.obj
         Debug.win32\CCProgressTimer.obj
         Debug.win32\CCRenderTexture.obj
         Debug.win32\CCParticleBatchNode.obj
         Debug.win32\CCParticleExamples.obj
         Debug.win32\CCParticleSystem.obj
         Debug.win32\CCParticleSystemQuad.obj
         Debug.win32\CCEGLViewProtocol.obj
         Debug.win32\CCSAXParser.obj
         Debug.win32\CCThread.obj
         Debug.win32\platform.obj
         Debug.win32\CCAccelerometer.obj
         Debug.win32\CCApplication.obj
         Debug.win32\CCCommon.obj
         Debug.win32\CCEGLView.obj
         Debug.win32\CCFileUtils.obj
         Debug.win32\CCImage.obj
         Debug.win32\CCStdC.obj
         Debug.win32\CCGLProgram.obj
         Debug.win32\ccGLStateCache.obj
         Debug.win32\CCShaderCache.obj
         Debug.win32\ccShaders.obj
         Debug.win32\CCAnimation.obj
         Debug.win32\CCAnimationCache.obj
         Debug.win32\CCSprite.obj
         Debug.win32\CCSpriteBatchNode.obj
         Debug.win32\CCSpriteFrame.obj
         Debug.win32\CCSpriteFrameCache.obj
         Debug.win32\base64.obj
         Debug.win32\CCNotificationCenter.obj
         Debug.win32\CCPointExtension.obj
         Debug.win32\CCProfiling.obj
         Debug.win32\CCUserDefault.obj
         Debug.win32\ccUtils.obj
         Debug.win32\CCVertex.obj
         Debug.win32\TransformUtils.obj
         Debug.win32\ccCArray.obj
         Debug.win32\TGAlib.obj
         Debug.win32\ioapi.obj
         Debug.win32\unzip.obj
         Debug.win32\ZipUtils.obj
         Debug.win32\CCTexture2D.obj
         Debug.win32\CCTextureAtlas.obj
         Debug.win32\CCTextureCache.obj
         Debug.win32\CCTexturePVR.obj
         Debug.win32\CCParallaxNode.obj
         Debug.win32\CCTileMapAtlas.obj
         Debug.win32\CCTMXLayer.obj
         Debug.win32\CCTMXObjectGroup.obj
         Debug.win32\CCTMXTiledMap.obj
         Debug.win32\CCTMXXMLParser.obj
         Debug.win32\CCTouch.obj
         Debug.win32\CCTouchDispatcher.obj
         Debug.win32\CCTouchHandler.obj
         Debug.win32\CCKeypadDelegate.obj
         Debug.win32\CCKeypadDispatcher.obj
         Debug.win32\CCIMEDispatcher.obj
         Debug.win32\CCTextFieldTTF.obj
         Debug.win32\CCScriptSupport.obj
         Debug.win32\aabb.obj
         Debug.win32\mat3.obj
         Debug.win32\mat4.obj
         Debug.win32\neon_matrix_impl.obj
         Debug.win32\plane.obj
         Debug.win32\quaternion.obj
         Debug.win32\ray2.obj
         Debug.win32\utility.obj
         Debug.win32\vec2.obj
         Debug.win32\vec3.obj
         Debug.win32\vec4.obj
         Debug.win32\mat4stack.obj
         Debug.win32\matrix.obj
         Debug.win32\CCCamera.obj
         Debug.win32\CCConfiguration.obj
         Debug.win32\CCDirector.obj
         Debug.win32\CCScheduler.obj
         Debug.win32\cocos2d.obj
     1>CCAtlasNode.obj : warning LNK4075: не учитывается "/EDITANDCONTINUE" из-за спецификации "/OPT:LBR"
            Создается библиотека D:\hack\Space\Debug.win32\libcocos2d.lib и объект D:\hack\Space\Debug.win32\libcocos2d.exp
     1>LINK : warning LNK4098: библиотека по умолчанию "LIBCMT" противоречит использованию других библиотек; используйте параметр /NODEFAULTLIB:library
         cocos2d.vcxproj -> D:\hack\Space\Debug.win32\libcocos2d.dll
       FinalizeBuildStatus:
         Файл "Debug.win32\libcocos2d.unsuccessfulbuild" удаляется.
         Обращение к "Debug.win32\libcocos2d.lastbuildstate".
     1>Построение проекта "D:\hack\Space\cocos2dx\proj.win32\cocos2d.vcxproj" завершено (целевые объекты Rebuild).

Построение успешно завершено.

Затраченное время: 00:03:38.83
