D:\HACK\SPACE\SPACE\PROJ.WIN32\DEBUG.WIN32\APPDELEGATE.OBJ
D:\HACK\SPACE\SPACE\PROJ.WIN32\DEBUG.WIN32\HELLOWORLDSCENE.OBJ
D:\HACK\SPACE\SPACE\PROJ.WIN32\DEBUG.WIN32\MAIN.OBJ
D:\HACK\SPACE\SPACE\PROJ.WIN32\DEBUG.WIN32\VC110.PDB
D:\HACK\SPACE\SPACE\PROJ.WIN32\DEBUG.WIN32\MAINMENU.OBJ
D:\HACK\SPACE\SPACE\PROJ.WIN32\DEBUG.WIN32\SPACE.RES
D:\hack\Space\Space\proj.win32\Debug.win32\AppDelegate.obj
D:\hack\Space\Space\proj.win32\Debug.win32\HelloWorldScene.obj
D:\hack\Space\Space\proj.win32\Debug.win32\main.obj
D:\hack\Space\Space\proj.win32\Debug.win32\MainMenu.obj
D:\hack\Space\Space\proj.win32\Debug.win32\cl.command.1.tlog
D:\hack\Space\Space\proj.win32\Debug.win32\CL.read.1.tlog
D:\hack\Space\Space\proj.win32\Debug.win32\CL.write.1.tlog
D:\hack\Space\Space\proj.win32\Debug.win32\link-cvtres.read.1.tlog
D:\hack\Space\Space\proj.win32\Debug.win32\link-cvtres.write.1.tlog
D:\hack\Space\Space\proj.win32\Debug.win32\link-rc.read.1.tlog
D:\hack\Space\Space\proj.win32\Debug.win32\link-rc.write.1.tlog
D:\hack\Space\Space\proj.win32\Debug.win32\link.4936-cvtres.read.1.tlog
D:\hack\Space\Space\proj.win32\Debug.win32\link.4936-cvtres.write.1.tlog
D:\hack\Space\Space\proj.win32\Debug.win32\link.4936-rc.read.1.tlog
D:\hack\Space\Space\proj.win32\Debug.win32\link.4936-rc.write.1.tlog
D:\hack\Space\Space\proj.win32\Debug.win32\link.4936.read.1.tlog
D:\hack\Space\Space\proj.win32\Debug.win32\link.4936.write.1.tlog
D:\hack\Space\Space\proj.win32\Debug.win32\link.command.1.tlog
D:\hack\Space\Space\proj.win32\Debug.win32\link.read.1.tlog
D:\hack\Space\Space\proj.win32\Debug.win32\link.write.1.tlog
D:\hack\Space\Space\proj.win32\Debug.win32\rc.command.1.tlog
D:\hack\Space\Space\proj.win32\Debug.win32\rc.read.1.tlog
D:\hack\Space\Space\proj.win32\Debug.win32\rc.write.1.tlog
D:\hack\Space\Space\proj.win32\Debug.win32\Space.res
D:\hack\Space\Space\proj.win32\Debug.win32\vc110.idb
D:\hack\Space\Space\proj.win32\Debug.win32\vc110.pdb
D:\hack\Space\Debug.win32\Space.win32.pdb
